<?xml version="1.0" encoding="UTF-8"?>
<!-- Generated by org.testng.reporters.JUnitXMLReporter -->
<testsuite ignored="0" hostname="mina" failures="0" tests="3" name="Default test" time="38.257" errors="0" timestamp="27 Jul 2024 19:05:59 GMT">
  <testcase classname="com.tutorialN.testCases.RegisterTest" name="registerWithValidDetails" time="2.944"/>
  <testcase classname="com.tutorialN.testCases.RegisterTest" name="registerWithAllDetails" time="5.166"/>
  <testcase classname="com.tutorialN.testCases.RegisterTest" name="registerWithExsistEmail" time="2.871"/>
</testsuite> <!-- Default test -->
