<?xml version="1.0" encoding="UTF-8"?>
<!-- Generated by org.testng.reporters.JUnitXMLReporter -->
<testsuite ignored="0" hostname="mina" failures="1" tests="14" name="Test" time="111.903" errors="0" timestamp="2024-08-08T17:42:50 EDT">
  <testcase classname="com.tutorialN.testCases.RegisterTest" name="registerWithValidDetails" time="2.931"/>
  <testcase classname="com.tutorialN.testCases.RegisterTest" name="registerWithAllDetails" time="3.34"/>
  <testcase classname="com.tutorialN.testCases.RegisterTest" name="registerWithExsistEmail" time="2.691"/>
  <testcase classname="com.tutorialN.testCases.SearchProductTest" name="searchWithValidProduct" time="2.597"/>
  <testcase classname="com.tutorialN.testCases.SearchProductTest" name="searchWithInValidProduct" time="2.794"/>
  <testcase classname="com.tutorialN.testCases.SearchProductTest" name="searchWithNoProduct" time="2.643"/>
  <testcase classname="com.tutorialN.testCases.SearchProductTest" name="addValidProductAndCompletCheckout" time="4.647"/>
  <testcase classname="com.tutorialN.testCases.LoginTest" name="loginWithValidCredianls" time="1.901"/>
  <testcase classname="com.tutorialN.testCases.LoginTest" name="loginWithInValidCredianls" time="1.654"/>
  <testcase classname="com.tutorialN.testCases.LoginTest" name="loginWithInValidEmail" time="1.453">
    <failure type="java.lang.AssertionError" message="expected [true] but found [false]">
      <![CDATA[java.lang.AssertionError: expected [true] but found [false]
at com.tutorialN.testCases.LoginTest.loginWithInValidEmail(LoginTest.java:73)
at java.base/java.util.ArrayList.forEach(ArrayList.java:1511)
... Removed 35 stack frames]]>
    </failure>
  </testcase> <!-- loginWithInValidEmail -->
  <testcase classname="com.tutorialN.testCases.LoginTest" name="loginWithInValidPassword" time="1.446"/>
  <testcase classname="com.tutorialN.testCases.LoginTest" name="loginWithNoCredantias" time="0.962"/>
  <testcase classname="com.tutorialN.testCases.LoginTest" name="loginWithEmptyEmail" time="1.174"/>
  <testcase classname="com.tutorialN.testCases.LoginTest" name="loginWithEmptyPassword" time="1.367"/>
</testsuite> <!-- Test -->
