<?xml version="1.0" encoding="UTF-8"?>
<testng-results ignored="0" total="14" passed="13" failed="1" skipped="0">
  <reporter-output>
  </reporter-output>
  <suite started-at="2024-07-27T20:24:26Z" name="Suite" finished-at="2024-07-27T20:29:07Z" duration-ms="280648">
    <groups>
    </groups>
    <test started-at="2024-07-27T20:24:26Z" name="Test" finished-at="2024-07-27T20:29:07Z" duration-ms="280648">
      <class name="com.tutorialN.testCases.LoginTest">
        <test-method is-config="true" signature="setup()[pri:0, instance:com.tutorialN.testCases.LoginTest@74455848]" started-at="2024-07-27T16:24:47Z" name="setup" finished-at="2024-07-27T16:24:52Z" duration-ms="4216" status="PASS">
          <reporter-output>
          </reporter-output>
        </test-method> <!-- setup -->
        <test-method signature="loginWithValidCredianls()[pri:1, instance:com.tutorialN.testCases.LoginTest@74455848]" started-at="2024-07-27T16:24:52Z" name="loginWithValidCredianls" finished-at="2024-07-27T16:24:53Z" duration-ms="1931" status="PASS">
          <reporter-output>
          </reporter-output>
        </test-method> <!-- loginWithValidCredianls -->
        <test-method is-config="true" signature="tearDown()[pri:0, instance:com.tutorialN.testCases.LoginTest@74455848]" started-at="2024-07-27T16:24:53Z" name="tearDown" finished-at="2024-07-27T16:24:54Z" duration-ms="211" status="PASS">
          <reporter-output>
          </reporter-output>
        </test-method> <!-- tearDown -->
        <test-method is-config="true" signature="setup()[pri:0, instance:com.tutorialN.testCases.LoginTest@74455848]" started-at="2024-07-27T16:27:56Z" name="setup" finished-at="2024-07-27T16:28:00Z" duration-ms="4129" status="PASS">
          <reporter-output>
          </reporter-output>
        </test-method> <!-- setup -->
        <test-method signature="loginWithInValidCredianls()[pri:2, instance:com.tutorialN.testCases.LoginTest@74455848]" started-at="2024-07-27T16:28:00Z" name="loginWithInValidCredianls" finished-at="2024-07-27T16:28:01Z" duration-ms="1593" status="PASS">
          <reporter-output>
          </reporter-output>
        </test-method> <!-- loginWithInValidCredianls -->
        <test-method is-config="true" signature="tearDown()[pri:0, instance:com.tutorialN.testCases.LoginTest@74455848]" started-at="2024-07-27T16:28:01Z" name="tearDown" finished-at="2024-07-27T16:28:02Z" duration-ms="233" status="PASS">
          <reporter-output>
          </reporter-output>
        </test-method> <!-- tearDown -->
        <test-method is-config="true" signature="setup()[pri:0, instance:com.tutorialN.testCases.LoginTest@74455848]" started-at="2024-07-27T16:28:14Z" name="setup" finished-at="2024-07-27T16:28:18Z" duration-ms="4174" status="PASS">
          <reporter-output>
          </reporter-output>
        </test-method> <!-- setup -->
        <test-method signature="loginWithInValidEmail()[pri:3, instance:com.tutorialN.testCases.LoginTest@74455848]" started-at="2024-07-27T16:28:18Z" name="loginWithInValidEmail" finished-at="2024-07-27T16:28:20Z" duration-ms="1723" status="PASS">
          <reporter-output>
          </reporter-output>
        </test-method> <!-- loginWithInValidEmail -->
        <test-method is-config="true" signature="tearDown()[pri:0, instance:com.tutorialN.testCases.LoginTest@74455848]" started-at="2024-07-27T16:28:20Z" name="tearDown" finished-at="2024-07-27T16:28:20Z" duration-ms="252" status="PASS">
          <reporter-output>
          </reporter-output>
        </test-method> <!-- tearDown -->
        <test-method is-config="true" signature="setup()[pri:0, instance:com.tutorialN.testCases.LoginTest@74455848]" started-at="2024-07-27T16:28:38Z" name="setup" finished-at="2024-07-27T16:28:42Z" duration-ms="4450" status="PASS">
          <reporter-output>
          </reporter-output>
        </test-method> <!-- setup -->
        <test-method signature="loginWithInValidPassword()[pri:4, instance:com.tutorialN.testCases.LoginTest@74455848]" started-at="2024-07-27T16:28:42Z" name="loginWithInValidPassword" finished-at="2024-07-27T16:28:44Z" duration-ms="1676" status="PASS">
          <reporter-output>
          </reporter-output>
        </test-method> <!-- loginWithInValidPassword -->
        <test-method is-config="true" signature="tearDown()[pri:0, instance:com.tutorialN.testCases.LoginTest@74455848]" started-at="2024-07-27T16:28:44Z" name="tearDown" finished-at="2024-07-27T16:28:44Z" duration-ms="268" status="PASS">
          <reporter-output>
          </reporter-output>
        </test-method> <!-- tearDown -->
        <test-method is-config="true" signature="setup()[pri:0, instance:com.tutorialN.testCases.LoginTest@74455848]" started-at="2024-07-27T16:28:44Z" name="setup" finished-at="2024-07-27T16:28:48Z" duration-ms="4160" status="PASS">
          <reporter-output>
          </reporter-output>
        </test-method> <!-- setup -->
        <test-method signature="loginWithNoCredantias()[pri:5, instance:com.tutorialN.testCases.LoginTest@74455848]" started-at="2024-07-27T16:28:48Z" name="loginWithNoCredantias" finished-at="2024-07-27T16:28:49Z" duration-ms="1069" status="PASS">
          <reporter-output>
          </reporter-output>
        </test-method> <!-- loginWithNoCredantias -->
        <test-method is-config="true" signature="tearDown()[pri:0, instance:com.tutorialN.testCases.LoginTest@74455848]" started-at="2024-07-27T16:28:49Z" name="tearDown" finished-at="2024-07-27T16:28:49Z" duration-ms="213" status="PASS">
          <reporter-output>
          </reporter-output>
        </test-method> <!-- tearDown -->
        <test-method is-config="true" signature="setup()[pri:0, instance:com.tutorialN.testCases.LoginTest@74455848]" started-at="2024-07-27T16:28:49Z" name="setup" finished-at="2024-07-27T16:28:59Z" duration-ms="9849" status="PASS">
          <reporter-output>
          </reporter-output>
        </test-method> <!-- setup -->
        <test-method signature="loginWithEmptyEmail()[pri:6, instance:com.tutorialN.testCases.LoginTest@74455848]" started-at="2024-07-27T16:28:59Z" name="loginWithEmptyEmail" finished-at="2024-07-27T16:29:01Z" duration-ms="1318" status="PASS">
          <reporter-output>
          </reporter-output>
        </test-method> <!-- loginWithEmptyEmail -->
        <test-method is-config="true" signature="tearDown()[pri:0, instance:com.tutorialN.testCases.LoginTest@74455848]" started-at="2024-07-27T16:29:01Z" name="tearDown" finished-at="2024-07-27T16:29:01Z" duration-ms="346" status="PASS">
          <reporter-output>
          </reporter-output>
        </test-method> <!-- tearDown -->
        <test-method is-config="true" signature="setup()[pri:0, instance:com.tutorialN.testCases.LoginTest@74455848]" started-at="2024-07-27T16:29:01Z" name="setup" finished-at="2024-07-27T16:29:05Z" duration-ms="4219" status="PASS">
          <reporter-output>
          </reporter-output>
        </test-method> <!-- setup -->
        <test-method signature="loginWithEmptyPassword()[pri:7, instance:com.tutorialN.testCases.LoginTest@74455848]" started-at="2024-07-27T16:29:05Z" name="loginWithEmptyPassword" finished-at="2024-07-27T16:29:06Z" duration-ms="1216" status="PASS">
          <reporter-output>
          </reporter-output>
        </test-method> <!-- loginWithEmptyPassword -->
        <test-method is-config="true" signature="tearDown()[pri:0, instance:com.tutorialN.testCases.LoginTest@74455848]" started-at="2024-07-27T16:29:06Z" name="tearDown" finished-at="2024-07-27T16:29:07Z" duration-ms="319" status="PASS">
          <reporter-output>
          </reporter-output>
        </test-method> <!-- tearDown -->
      </class> <!-- com.tutorialN.testCases.LoginTest -->
      <class name="com.tutorialN.testCases.SearchProductTest">
        <test-method is-config="true" signature="setup()[pri:0, instance:com.tutorialN.testCases.SearchProductTest@2e55dd0c]" started-at="2024-07-27T16:24:38Z" name="setup" finished-at="2024-07-27T16:24:44Z" duration-ms="6378" status="PASS">
          <reporter-output>
          </reporter-output>
        </test-method> <!-- setup -->
        <test-method signature="searchWithValidProduct()[pri:1, instance:com.tutorialN.testCases.SearchProductTest@2e55dd0c]" started-at="2024-07-27T16:24:44Z" name="searchWithValidProduct" finished-at="2024-07-27T16:24:47Z" duration-ms="3126" status="PASS">
          <reporter-output>
          </reporter-output>
        </test-method> <!-- searchWithValidProduct -->
        <test-method is-config="true" signature="tearDown()[pri:0, instance:com.tutorialN.testCases.SearchProductTest@2e55dd0c]" started-at="2024-07-27T16:24:47Z" name="tearDown" finished-at="2024-07-27T16:24:47Z" duration-ms="166" status="PASS">
          <reporter-output>
          </reporter-output>
        </test-method> <!-- tearDown -->
        <test-method is-config="true" signature="setup()[pri:0, instance:com.tutorialN.testCases.SearchProductTest@2e55dd0c]" started-at="2024-07-27T16:27:51Z" name="setup" finished-at="2024-07-27T16:27:53Z" duration-ms="1478" status="PASS">
          <reporter-output>
          </reporter-output>
        </test-method> <!-- setup -->
        <test-method signature="searchWithInValidProduct()[pri:2, instance:com.tutorialN.testCases.SearchProductTest@2e55dd0c]" started-at="2024-07-27T16:27:53Z" name="searchWithInValidProduct" finished-at="2024-07-27T16:27:56Z" duration-ms="3068" status="PASS">
          <reporter-output>
          </reporter-output>
        </test-method> <!-- searchWithInValidProduct -->
        <test-method is-config="true" signature="tearDown()[pri:0, instance:com.tutorialN.testCases.SearchProductTest@2e55dd0c]" started-at="2024-07-27T16:27:56Z" name="tearDown" finished-at="2024-07-27T16:27:56Z" duration-ms="176" status="PASS">
          <reporter-output>
          </reporter-output>
        </test-method> <!-- tearDown -->
        <test-method is-config="true" signature="setup()[pri:0, instance:com.tutorialN.testCases.SearchProductTest@2e55dd0c]" started-at="2024-07-27T16:28:09Z" name="setup" finished-at="2024-07-27T16:28:11Z" duration-ms="1733" status="PASS">
          <reporter-output>
          </reporter-output>
        </test-method> <!-- setup -->
        <test-method signature="searchWithNoProduct()[pri:3, instance:com.tutorialN.testCases.SearchProductTest@2e55dd0c]" started-at="2024-07-27T16:28:11Z" name="searchWithNoProduct" finished-at="2024-07-27T16:28:14Z" duration-ms="2850" status="PASS">
          <reporter-output>
          </reporter-output>
        </test-method> <!-- searchWithNoProduct -->
        <test-method is-config="true" signature="tearDown()[pri:0, instance:com.tutorialN.testCases.SearchProductTest@2e55dd0c]" started-at="2024-07-27T16:28:14Z" name="tearDown" finished-at="2024-07-27T16:28:14Z" duration-ms="200" status="PASS">
          <reporter-output>
          </reporter-output>
        </test-method> <!-- tearDown -->
        <test-method is-config="true" signature="setup()[pri:0, instance:com.tutorialN.testCases.SearchProductTest@2e55dd0c]" started-at="2024-07-27T16:28:20Z" name="setup" finished-at="2024-07-27T16:28:22Z" duration-ms="1619" status="PASS">
          <reporter-output>
          </reporter-output>
        </test-method> <!-- setup -->
        <test-method signature="addValidProductAndCompletCheckout()[pri:4, instance:com.tutorialN.testCases.SearchProductTest@2e55dd0c]" started-at="2024-07-27T16:28:22Z" name="addValidProductAndCompletCheckout" finished-at="2024-07-27T16:28:37Z" duration-ms="15231" status="FAIL">
          <exception class="org.openqa.selenium.NoSuchElementException">
            <message>
              <![CDATA[no such element: Unable to locate element: {"method":"xpath","selector":"//p[text() = 'I am a returning customer']"}
  (Session info: chrome=126.0.6478.185)
For documentation on this error, please visit: https://www.selenium.dev/documentation/webdriver/troubleshooting/errors#no-such-element-exception
Build info: version: '4.22.0', revision: 'c5f3146703*'
System info: os.name: 'Windows 11', os.arch: 'amd64', os.version: '10.0', java.version: '17.0.10'
Driver info: org.openqa.selenium.chrome.ChromeDriver
Command: [9945132a126f14fe5615aedb798ff646, findElement {value=//p[text() = 'I am a returning customer'], using=xpath}]
Capabilities {acceptInsecureCerts: false, browserName: chrome, browserVersion: 126.0.6478.185, chrome: {chromedriverVersion: 126.0.6478.182 (5b5d8292ddf..., userDataDir: C:\Users\benam\AppData\Loca...}, fedcm:accounts: true, goog:chromeOptions: {debuggerAddress: localhost:54266}, networkConnectionEnabled: false, pageLoadStrategy: none, platformName: windows, proxy: Proxy(), se:cdp: ws://localhost:54266/devtoo..., se:cdpVersion: 126.0.6478.185, setWindowRect: true, strictFileInteractability: false, timeouts: {implicit: 0, pageLoad: 300000, script: 30000}, unhandledPromptBehavior: dismiss and notify, webauthn:extension:credBlob: true, webauthn:extension:largeBlob: true, webauthn:extension:minPinLength: true, webauthn:extension:prf: true, webauthn:virtualAuthenticators: true}
Session ID: 9945132a126f14fe5615aedb798ff646]]>
            </message>
            <full-stacktrace>
              <![CDATA[org.openqa.selenium.NoSuchElementException: no such element: Unable to locate element: {"method":"xpath","selector":"//p[text() = 'I am a returning customer']"}
  (Session info: chrome=126.0.6478.185)
For documentation on this error, please visit: https://www.selenium.dev/documentation/webdriver/troubleshooting/errors#no-such-element-exception
Build info: version: '4.22.0', revision: 'c5f3146703*'
System info: os.name: 'Windows 11', os.arch: 'amd64', os.version: '10.0', java.version: '17.0.10'
Driver info: org.openqa.selenium.chrome.ChromeDriver
Command: [9945132a126f14fe5615aedb798ff646, findElement {value=//p[text() = 'I am a returning customer'], using=xpath}]
Capabilities {acceptInsecureCerts: false, browserName: chrome, browserVersion: 126.0.6478.185, chrome: {chromedriverVersion: 126.0.6478.182 (5b5d8292ddf..., userDataDir: C:\Users\benam\AppData\Loca...}, fedcm:accounts: true, goog:chromeOptions: {debuggerAddress: localhost:54266}, networkConnectionEnabled: false, pageLoadStrategy: none, platformName: windows, proxy: Proxy(), se:cdp: ws://localhost:54266/devtoo..., se:cdpVersion: 126.0.6478.185, setWindowRect: true, strictFileInteractability: false, timeouts: {implicit: 0, pageLoad: 300000, script: 30000}, unhandledPromptBehavior: dismiss and notify, webauthn:extension:credBlob: true, webauthn:extension:largeBlob: true, webauthn:extension:minPinLength: true, webauthn:extension:prf: true, webauthn:virtualAuthenticators: true}
Session ID: 9945132a126f14fe5615aedb798ff646
	at java.base/jdk.internal.reflect.NativeConstructorAccessorImpl.newInstance0(Native Method)
	at java.base/jdk.internal.reflect.NativeConstructorAccessorImpl.newInstance(NativeConstructorAccessorImpl.java:77)
	at java.base/jdk.internal.reflect.DelegatingConstructorAccessorImpl.newInstance(DelegatingConstructorAccessorImpl.java:45)
	at java.base/java.lang.reflect.Constructor.newInstanceWithCaller(Constructor.java:499)
	at java.base/java.lang.reflect.Constructor.newInstance(Constructor.java:480)
	at org.openqa.selenium.remote.ErrorCodec.decode(ErrorCodec.java:167)
	at org.openqa.selenium.remote.codec.w3c.W3CHttpResponseCodec.decode(W3CHttpResponseCodec.java:138)
	at org.openqa.selenium.remote.codec.w3c.W3CHttpResponseCodec.decode(W3CHttpResponseCodec.java:50)
	at org.openqa.selenium.remote.HttpCommandExecutor.execute(HttpCommandExecutor.java:190)
	at org.openqa.selenium.remote.service.DriverCommandExecutor.invokeExecute(DriverCommandExecutor.java:216)
	at org.openqa.selenium.remote.service.DriverCommandExecutor.execute(DriverCommandExecutor.java:174)
	at org.openqa.selenium.remote.RemoteWebDriver.execute(RemoteWebDriver.java:518)
	at org.openqa.selenium.remote.ElementLocation$ElementFinder$2.findElement(ElementLocation.java:165)
	at org.openqa.selenium.remote.ElementLocation.findElement(ElementLocation.java:59)
	at org.openqa.selenium.remote.RemoteWebDriver.findElement(RemoteWebDriver.java:355)
	at org.openqa.selenium.remote.RemoteWebDriver.findElement(RemoteWebDriver.java:349)
	at org.openqa.selenium.support.pagefactory.DefaultElementLocator.findElement(DefaultElementLocator.java:68)
	at org.openqa.selenium.support.pagefactory.internal.LocatingElementHandler.invoke(LocatingElementHandler.java:38)
	at jdk.proxy2/jdk.proxy2.$Proxy14.isDisplayed(Unknown Source)
	at com.tutorialN.Pages.CheckoutPage.checkoutLinkDisplay(CheckoutPage.java:25)
	at com.tutorialN.testCases.SearchProductTest.addValidProductAndCompletCheckout(SearchProductTest.java:87)
	at java.base/jdk.internal.reflect.NativeMethodAccessorImpl.invoke0(Native Method)
	at java.base/jdk.internal.reflect.NativeMethodAccessorImpl.invoke(NativeMethodAccessorImpl.java:77)
	at java.base/jdk.internal.reflect.DelegatingMethodAccessorImpl.invoke(DelegatingMethodAccessorImpl.java:43)
	at java.base/java.lang.reflect.Method.invoke(Method.java:568)
	at org.testng.internal.MethodInvocationHelper.invokeMethod(MethodInvocationHelper.java:108)
	at org.testng.internal.Invoker.invokeMethod(Invoker.java:661)
	at org.testng.internal.Invoker.invokeTestMethod(Invoker.java:869)
	at org.testng.internal.Invoker.invokeTestMethods(Invoker.java:1193)
	at org.testng.internal.TestMethodWorker.invokeTestMethods(TestMethodWorker.java:126)
	at org.testng.internal.TestMethodWorker.run(TestMethodWorker.java:109)
	at org.testng.TestRunner.privateRun(TestRunner.java:744)
	at org.testng.TestRunner.run(TestRunner.java:602)
	at org.testng.SuiteRunner.runTest(SuiteRunner.java:380)
	at org.testng.SuiteRunner.runSequentially(SuiteRunner.java:375)
	at org.testng.SuiteRunner.privateRun(SuiteRunner.java:340)
	at org.testng.SuiteRunner.run(SuiteRunner.java:289)
	at org.testng.SuiteRunnerWorker.runSuite(SuiteRunnerWorker.java:52)
	at org.testng.SuiteRunnerWorker.run(SuiteRunnerWorker.java:86)
	at org.testng.TestNG.runSuitesSequentially(TestNG.java:1301)
	at org.testng.TestNG.runSuitesLocally(TestNG.java:1226)
	at org.testng.TestNG.runSuites(TestNG.java:1144)
	at org.testng.TestNG.run(TestNG.java:1115)
	at org.testng.remote.AbstractRemoteTestNG.run(AbstractRemoteTestNG.java:115)
	at org.testng.remote.RemoteTestNG.initAndRun(RemoteTestNG.java:251)
	at org.testng.remote.RemoteTestNG.main(RemoteTestNG.java:77)
]]>
            </full-stacktrace>
          </exception> <!-- org.openqa.selenium.NoSuchElementException -->
          <reporter-output>
          </reporter-output>
        </test-method> <!-- addValidProductAndCompletCheckout -->
        <test-method is-config="true" signature="tearDown()[pri:0, instance:com.tutorialN.testCases.SearchProductTest@2e55dd0c]" started-at="2024-07-27T16:28:37Z" name="tearDown" finished-at="2024-07-27T16:28:38Z" duration-ms="535" status="PASS">
          <reporter-output>
          </reporter-output>
        </test-method> <!-- tearDown -->
      </class> <!-- com.tutorialN.testCases.SearchProductTest -->
      <class name="com.tutorialN.testCases.RegisterTest">
        <test-method is-config="true" signature="setup()[pri:0, instance:com.tutorialN.testCases.RegisterTest@2cd2a21f]" started-at="2024-07-27T16:24:26Z" name="setup" finished-at="2024-07-27T16:24:34Z" duration-ms="7720" status="PASS">
          <reporter-output>
          </reporter-output>
        </test-method> <!-- setup -->
        <test-method signature="registerWithValidDetails()[pri:1, instance:com.tutorialN.testCases.RegisterTest@2cd2a21f]" started-at="2024-07-27T16:24:34Z" name="registerWithValidDetails" finished-at="2024-07-27T16:24:37Z" duration-ms="3234" status="PASS">
          <reporter-output>
          </reporter-output>
        </test-method> <!-- registerWithValidDetails -->
        <test-method is-config="true" signature="tearDown()[pri:0, instance:com.tutorialN.testCases.RegisterTest@2cd2a21f]" started-at="2024-07-27T16:24:37Z" name="tearDown" finished-at="2024-07-27T16:24:38Z" duration-ms="272" status="PASS">
          <reporter-output>
          </reporter-output>
        </test-method> <!-- tearDown -->
        <test-method is-config="true" signature="setup()[pri:0, instance:com.tutorialN.testCases.RegisterTest@2cd2a21f]" started-at="2024-07-27T16:24:54Z" name="setup" finished-at="2024-07-27T16:27:48Z" duration-ms="173971" status="PASS">
          <reporter-output>
          </reporter-output>
        </test-method> <!-- setup -->
        <test-method signature="registerWithAllDetails()[pri:2, instance:com.tutorialN.testCases.RegisterTest@2cd2a21f]" started-at="2024-07-27T16:27:48Z" name="registerWithAllDetails" finished-at="2024-07-27T16:27:51Z" duration-ms="3181" status="PASS">
          <reporter-output>
          </reporter-output>
        </test-method> <!-- registerWithAllDetails -->
        <test-method is-config="true" signature="tearDown()[pri:0, instance:com.tutorialN.testCases.RegisterTest@2cd2a21f]" started-at="2024-07-27T16:27:51Z" name="tearDown" finished-at="2024-07-27T16:27:51Z" duration-ms="234" status="PASS">
          <reporter-output>
          </reporter-output>
        </test-method> <!-- tearDown -->
        <test-method is-config="true" signature="setup()[pri:0, instance:com.tutorialN.testCases.RegisterTest@2cd2a21f]" started-at="2024-07-27T16:28:02Z" name="setup" finished-at="2024-07-27T16:28:06Z" duration-ms="4407" status="PASS">
          <reporter-output>
          </reporter-output>
        </test-method> <!-- setup -->
        <test-method signature="registerWithExsistEmail()[pri:3, instance:com.tutorialN.testCases.RegisterTest@2cd2a21f]" started-at="2024-07-27T16:28:06Z" name="registerWithExsistEmail" finished-at="2024-07-27T16:28:09Z" duration-ms="2710" status="PASS">
          <reporter-output>
          </reporter-output>
        </test-method> <!-- registerWithExsistEmail -->
        <test-method is-config="true" signature="tearDown()[pri:0, instance:com.tutorialN.testCases.RegisterTest@2cd2a21f]" started-at="2024-07-27T16:28:09Z" name="tearDown" finished-at="2024-07-27T16:28:09Z" duration-ms="213" status="PASS">
          <reporter-output>
          </reporter-output>
        </test-method> <!-- tearDown -->
      </class> <!-- com.tutorialN.testCases.RegisterTest -->
    </test> <!-- Test -->
  </suite> <!-- Suite -->
</testng-results>
